Started GET "/" for 127.0.0.1 at 2018-07-16 13:17:09 +0200
  [1m[35m (1.0ms)[0m  [1m[34mSELECT "schema_migrations"."version" FROM "schema_migrations" ORDER BY "schema_migrations"."version" ASC[0m
  ↳ /Users/nicolas/.rvm/rubies/ruby-2.5.0/lib/ruby/gems/2.5.0/gems/sprockets-rails-3.2.1/lib/sprockets/rails/quiet_assets.rb:13
Processing by PagesController#home as HTML
  [1m[36mCroisiere Load (6.1ms)[0m  [1m[34mSELECT "croisieres".* FROM "croisieres"[0m
  ↳ app/controllers/application_controller.rb:4
  [1m[36mCroisiere Load (0.3ms)[0m  [1m[34mSELECT "croisieres".* FROM "croisieres"[0m
  ↳ app/controllers/pages_controller.rb:3
  Rendering pages/home.html.erb within layouts/application
  Rendered pages/home.html.erb within layouts/application (192.6ms)
Completed 500 Internal Server Error in 258ms (ActiveRecord: 13.0ms)


  
ActionView::Template::Error (The asset "avatar-presc.png" is not present in the asset pipeline.):
    17:     <div class="row text-center">
    18:       <div class="col-xs-12 col-md-6">
    19:         <div class="padded">
    20:           <%= image_tag 'avatar-presc.png', class: 'avatar'%>
    21:           <div class="padded">
    22:             <%= image_tag 'boue.png', class: 'icone-avatar'%>
    23:             <p class="" style="font-size: 20px;">Votre second, Priscillia Soriano</p>
  
app/views/pages/home.html.erb:20:in `_app_views_pages_home_html_erb__342738571004465210_70217597368580'
Started GET "/" for 127.0.0.1 at 2018-07-16 13:18:25 +0200
Processing by PagesController#home as HTML
  [1m[36mCroisiere Load (0.4ms)[0m  [1m[34mSELECT "croisieres".* FROM "croisieres"[0m
  ↳ app/controllers/application_controller.rb:4
  [1m[36mCACHE Croisiere Load (0.0ms)[0m  [1m[34mSELECT "croisieres".* FROM "croisieres"[0m
  ↳ app/controllers/pages_controller.rb:3
  Rendering pages/home.html.erb within layouts/application
  Rendered pages/home.html.erb within layouts/application (4621.0ms)
  Rendered shared/_navbar.html.erb (2.3ms)
  Rendered shared/_footer.html.erb (0.8ms)
Completed 200 OK in 4656ms (Views: 4652.3ms | ActiveRecord: 0.5ms)


Started GET "/croisieres/24" for 127.0.0.1 at 2018-07-16 13:18:57 +0200
Processing by CroisieresController#show as HTML
  Parameters: {"id"=>"24"}
  [1m[36mCroisiere Load (1.2ms)[0m  [1m[34mSELECT "croisieres".* FROM "croisieres"[0m
  ↳ app/controllers/application_controller.rb:4
  [1m[36mCroisiere Load (0.7ms)[0m  [1m[34mSELECT  "croisieres".* FROM "croisieres" WHERE "croisieres"."id" = $1 LIMIT $2[0m  [["id", 24], ["LIMIT", 1]]
  ↳ app/controllers/croisieres_controller.rb:47
  [1m[36mReview Load (1.3ms)[0m  [1m[34mSELECT "reviews".* FROM "reviews" WHERE "reviews"."croisiere_id" = $1[0m  [["croisiere_id", 24]]
  ↳ app/controllers/croisieres_controller.rb:23
  Rendering croisieres/show.html.erb within layouts/application
  [1m[36mCroisiere Load (0.4ms)[0m  [1m[34mSELECT  "croisieres".* FROM "croisieres" WHERE "croisieres"."id" = $1 LIMIT $2[0m  [["id", 24], ["LIMIT", 1]]
  ↳ app/views/reviews/_reviews.html.erb:2
  Rendered reviews/_rating.html.erb (0.4ms)
  [1m[36mCACHE Croisiere Load (0.0ms)[0m  [1m[34mSELECT  "croisieres".* FROM "croisieres" WHERE "croisieres"."id" = $1 LIMIT $2[0m  [["id", 24], ["LIMIT", 1]]
  ↳ app/views/reviews/_reviews.html.erb:2
  Rendered reviews/_rating.html.erb (0.0ms)
  [1m[36mCACHE Croisiere Load (0.0ms)[0m  [1m[34mSELECT  "croisieres".* FROM "croisieres" WHERE "croisieres"."id" = $1 LIMIT $2[0m  [["id", 24], ["LIMIT", 1]]
  ↳ app/views/reviews/_reviews.html.erb:2
  Rendered reviews/_rating.html.erb (0.0ms)
  [1m[36mCACHE Croisiere Load (0.0ms)[0m  [1m[34mSELECT  "croisieres".* FROM "croisieres" WHERE "croisieres"."id" = $1 LIMIT $2[0m  [["id", 24], ["LIMIT", 1]]
  ↳ app/views/reviews/_reviews.html.erb:2
  Rendered reviews/_rating.html.erb (0.0ms)
  [1m[36mCACHE Croisiere Load (0.0ms)[0m  [1m[34mSELECT  "croisieres".* FROM "croisieres" WHERE "croisieres"."id" = $1 LIMIT $2[0m  [["id", 24], ["LIMIT", 1]]
  ↳ app/views/reviews/_reviews.html.erb:2
  Rendered reviews/_rating.html.erb (0.0ms)
  [1m[36mCACHE Croisiere Load (0.0ms)[0m  [1m[34mSELECT  "croisieres".* FROM "croisieres" WHERE "croisieres"."id" = $1 LIMIT $2[0m  [["id", 24], ["LIMIT", 1]]
  ↳ app/views/reviews/_reviews.html.erb:2
  Rendered reviews/_rating.html.erb (0.0ms)
  [1m[36mCACHE Croisiere Load (0.0ms)[0m  [1m[34mSELECT  "croisieres".* FROM "croisieres" WHERE "croisieres"."id" = $1 LIMIT $2[0m  [["id", 24], ["LIMIT", 1]]
  ↳ app/views/reviews/_reviews.html.erb:2
  Rendered reviews/_rating.html.erb (0.0ms)
  [1m[36mCACHE Croisiere Load (0.0ms)[0m  [1m[34mSELECT  "croisieres".* FROM "croisieres" WHERE "croisieres"."id" = $1 LIMIT $2[0m  [["id", 24], ["LIMIT", 1]]
  ↳ app/views/reviews/_reviews.html.erb:2
  Rendered reviews/_rating.html.erb (0.0ms)
  [1m[36mCACHE Croisiere Load (0.0ms)[0m  [1m[34mSELECT  "croisieres".* FROM "croisieres" WHERE "croisieres"."id" = $1 LIMIT $2[0m  [["id", 24], ["LIMIT", 1]]
  ↳ app/views/reviews/_reviews.html.erb:2
  Rendered reviews/_rating.html.erb (0.0ms)
  Rendered reviews/_reviews.html.erb (25.0ms)
  [1m[36mCroisiere Load (0.6ms)[0m  [1m[34mSELECT "croisieres".* FROM "croisieres" WHERE "croisieres"."croisiere_destination" = $1[0m  [["croisiere_destination", "Martinique"]]
  ↳ app/views/croisieres/show.html.erb:64
  Rendered shared/_slide_bateau.html.erb (11.2ms)
  Rendered reviews/_reviews_form.html.erb (5.0ms)
  Rendered croisieres/show.html.erb within layouts/application (110.2ms)
Completed 500 Internal Server Error in 169ms (ActiveRecord: 23.3ms)


  
ActionView::Template::Error (The asset "avatar-presc.png" is not present in the asset pipeline.):
    3:             </div>
    4:             <div class="media-body" style="padding-left: 15px; border-left: 1px solid lightgrey">
    5:               <p style="font-size: 15px;">
    6:                <%= image_tag 'avatar-presc.png', class: 'avatar-xs'%> <%= image_tag 'avatar-brice.png', class: 'avatar-xs'%> attendent leur note ;)
    7:                  <%= simple_form_for(@review) do |f| %>
    8:              <div class="form-group form-inline" style="padding: 20px; padding-top: 0; height: auto;">
    9:                         <div class="form-group">
  
app/views/reviews/_reviews_form.html.erb:6:in `_app_views_reviews__reviews_form_html_erb__2621279113132009178_70217605992860'
app/views/croisieres/show.html.erb:93:in `_app_views_croisieres_show_html_erb___3412493324169046573_70217638296480'
Started GET "/croisieres/24" for 127.0.0.1 at 2018-07-16 13:19:51 +0200
Processing by CroisieresController#show as HTML
  Parameters: {"id"=>"24"}
  [1m[36mCroisiere Load (0.5ms)[0m  [1m[34mSELECT "croisieres".* FROM "croisieres"[0m
  ↳ app/controllers/application_controller.rb:4
  [1m[36mCroisiere Load (0.3ms)[0m  [1m[34mSELECT  "croisieres".* FROM "croisieres" WHERE "croisieres"."id" = $1 LIMIT $2[0m  [["id", 24], ["LIMIT", 1]]
  ↳ app/controllers/croisieres_controller.rb:47
  [1m[36mReview Load (0.3ms)[0m  [1m[34mSELECT "reviews".* FROM "reviews" WHERE "reviews"."croisiere_id" = $1[0m  [["croisiere_id", 24]]
  ↳ app/controllers/croisieres_controller.rb:23
  Rendering croisieres/show.html.erb within layouts/application
  [1m[36mCroisiere Load (0.4ms)[0m  [1m[34mSELECT  "croisieres".* FROM "croisieres" WHERE "croisieres"."id" = $1 LIMIT $2[0m  [["id", 24], ["LIMIT", 1]]
  ↳ app/views/reviews/_reviews.html.erb:2
  Rendered reviews/_rating.html.erb (0.5ms)
  [1m[36mCACHE Croisiere Load (0.0ms)[0m  [1m[34mSELECT  "croisieres".* FROM "croisieres" WHERE "croisieres"."id" = $1 LIMIT $2[0m  [["id", 24], ["LIMIT", 1]]
  ↳ app/views/reviews/_reviews.html.erb:2
  Rendered reviews/_rating.html.erb (0.0ms)
  [1m[36mCACHE Croisiere Load (0.0ms)[0m  [1m[34mSELECT  "croisieres".* FROM "croisieres" WHERE "croisieres"."id" = $1 LIMIT $2[0m  [["id", 24], ["LIMIT", 1]]
  ↳ app/views/reviews/_reviews.html.erb:2
  Rendered reviews/_rating.html.erb (0.0ms)
  [1m[36mCACHE Croisiere Load (0.0ms)[0m  [1m[34mSELECT  "croisieres".* FROM "croisieres" WHERE "croisieres"."id" = $1 LIMIT $2[0m  [["id", 24], ["LIMIT", 1]]
  ↳ app/views/reviews/_reviews.html.erb:2
  Rendered reviews/_rating.html.erb (0.0ms)
  [1m[36mCACHE Croisiere Load (0.0ms)[0m  [1m[34mSELECT  "croisieres".* FROM "croisieres" WHERE "croisieres"."id" = $1 LIMIT $2[0m  [["id", 24], ["LIMIT", 1]]
  ↳ app/views/reviews/_reviews.html.erb:2
  Rendered reviews/_rating.html.erb (0.0ms)
  [1m[36mCACHE Croisiere Load (0.0ms)[0m  [1m[34mSELECT  "croisieres".* FROM "croisieres" WHERE "croisieres"."id" = $1 LIMIT $2[0m  [["id", 24], ["LIMIT", 1]]
  ↳ app/views/reviews/_reviews.html.erb:2
  Rendered reviews/_rating.html.erb (0.0ms)
  [1m[36mCACHE Croisiere Load (0.0ms)[0m  [1m[34mSELECT  "croisieres".* FROM "croisieres" WHERE "croisieres"."id" = $1 LIMIT $2[0m  [["id", 24], ["LIMIT", 1]]
  ↳ app/views/reviews/_reviews.html.erb:2
  Rendered reviews/_rating.html.erb (0.0ms)
  [1m[36mCACHE Croisiere Load (0.0ms)[0m  [1m[34mSELECT  "croisieres".* FROM "croisieres" WHERE "croisieres"."id" = $1 LIMIT $2[0m  [["id", 24], ["LIMIT", 1]]
  ↳ app/views/reviews/_reviews.html.erb:2
  Rendered reviews/_rating.html.erb (0.0ms)
  [1m[36mCACHE Croisiere Load (0.0ms)[0m  [1m[34mSELECT  "croisieres".* FROM "croisieres" WHERE "croisieres"."id" = $1 LIMIT $2[0m  [["id", 24], ["LIMIT", 1]]
  ↳ app/views/reviews/_reviews.html.erb:2
  Rendered reviews/_rating.html.erb (0.0ms)
  Rendered reviews/_reviews.html.erb (23.9ms)
  [1m[36mCroisiere Load (0.3ms)[0m  [1m[34mSELECT "croisieres".* FROM "croisieres" WHERE "croisieres"."croisiere_destination" = $1[0m  [["croisiere_destination", "Martinique"]]
  ↳ app/views/croisieres/show.html.erb:64
  Rendered shared/_slide_bateau.html.erb (7.3ms)
  Rendered reviews/_reviews_form.html.erb (5.3ms)
  Rendered croisieres/show.html.erb within layouts/application (52.5ms)
Completed 500 Internal Server Error in 63ms (ActiveRecord: 1.8ms)


  
ActionView::Template::Error (The asset "avatar-brice.png" is not present in the asset pipeline.):
    3:             </div>
    4:             <div class="media-body" style="padding-left: 15px; border-left: 1px solid lightgrey">
    5:               <p style="font-size: 15px;">
    6:                <%= image_tag 'avatar-presc.jpg', class: 'avatar-xs'%> <%= image_tag 'avatar-brice.png', class: 'avatar-xs'%> attendent leur note ;)
    7:                  <%= simple_form_for(@review) do |f| %>
    8:              <div class="form-group form-inline" style="padding: 20px; padding-top: 0; height: auto;">
    9:                         <div class="form-group">
  
app/views/reviews/_reviews_form.html.erb:6:in `_app_views_reviews__reviews_form_html_erb__2621279113132009178_70217677343540'
app/views/croisieres/show.html.erb:93:in `_app_views_croisieres_show_html_erb___3412493324169046573_70217680964240'
Started GET "/croisieres/24" for 127.0.0.1 at 2018-07-16 13:20:06 +0200
Processing by CroisieresController#show as HTML
  Parameters: {"id"=>"24"}
  [1m[36mCroisiere Load (0.3ms)[0m  [1m[34mSELECT "croisieres".* FROM "croisieres"[0m
  ↳ app/controllers/application_controller.rb:4
  [1m[36mCroisiere Load (0.3ms)[0m  [1m[34mSELECT  "croisieres".* FROM "croisieres" WHERE "croisieres"."id" = $1 LIMIT $2[0m  [["id", 24], ["LIMIT", 1]]
  ↳ app/controllers/croisieres_controller.rb:47
  [1m[36mReview Load (0.4ms)[0m  [1m[34mSELECT "reviews".* FROM "reviews" WHERE "reviews"."croisiere_id" = $1[0m  [["croisiere_id", 24]]
  ↳ app/controllers/croisieres_controller.rb:23
  Rendering croisieres/show.html.erb within layouts/application
  [1m[36mCroisiere Load (0.3ms)[0m  [1m[34mSELECT  "croisieres".* FROM "croisieres" WHERE "croisieres"."id" = $1 LIMIT $2[0m  [["id", 24], ["LIMIT", 1]]
  ↳ app/views/reviews/_reviews.html.erb:2
  Rendered reviews/_rating.html.erb (0.3ms)
  [1m[36mCACHE Croisiere Load (0.0ms)[0m  [1m[34mSELECT  "croisieres".* FROM "croisieres" WHERE "croisieres"."id" = $1 LIMIT $2[0m  [["id", 24], ["LIMIT", 1]]
  ↳ app/views/reviews/_reviews.html.erb:2
  Rendered reviews/_rating.html.erb (0.0ms)
  [1m[36mCACHE Croisiere Load (0.0ms)[0m  [1m[34mSELECT  "croisieres".* FROM "croisieres" WHERE "croisieres"."id" = $1 LIMIT $2[0m  [["id", 24], ["LIMIT", 1]]
  ↳ app/views/reviews/_reviews.html.erb:2
  Rendered reviews/_rating.html.erb (0.0ms)
  [1m[36mCACHE Croisiere Load (0.0ms)[0m  [1m[34mSELECT  "croisieres".* FROM "croisieres" WHERE "croisieres"."id" = $1 LIMIT $2[0m  [["id", 24], ["LIMIT", 1]]
  ↳ app/views/reviews/_reviews.html.erb:2
  Rendered reviews/_rating.html.erb (0.0ms)
  [1m[36mCACHE Croisiere Load (0.0ms)[0m  [1m[34mSELECT  "croisieres".* FROM "croisieres" WHERE "croisieres"."id" = $1 LIMIT $2[0m  [["id", 24], ["LIMIT", 1]]
  ↳ app/views/reviews/_reviews.html.erb:2
  Rendered reviews/_rating.html.erb (0.0ms)
  [1m[36mCACHE Croisiere Load (0.0ms)[0m  [1m[34mSELECT  "croisieres".* FROM "croisieres" WHERE "croisieres"."id" = $1 LIMIT $2[0m  [["id", 24], ["LIMIT", 1]]
  ↳ app/views/reviews/_reviews.html.erb:2
  Rendered reviews/_rating.html.erb (0.1ms)
  [1m[36mCACHE Croisiere Load (0.0ms)[0m  [1m[34mSELECT  "croisieres".* FROM "croisieres" WHERE "croisieres"."id" = $1 LIMIT $2[0m  [["id", 24], ["LIMIT", 1]]
  ↳ app/views/reviews/_reviews.html.erb:2
  Rendered reviews/_rating.html.erb (0.0ms)
  [1m[36mCACHE Croisiere Load (0.0ms)[0m  [1m[34mSELECT  "croisieres".* FROM "croisieres" WHERE "croisieres"."id" = $1 LIMIT $2[0m  [["id", 24], ["LIMIT", 1]]
  ↳ app/views/reviews/_reviews.html.erb:2
  Rendered reviews/_rating.html.erb (0.0ms)
  [1m[36mCACHE Croisiere Load (0.0ms)[0m  [1m[34mSELECT  "croisieres".* FROM "croisieres" WHERE "croisieres"."id" = $1 LIMIT $2[0m  [["id", 24], ["LIMIT", 1]]
  ↳ app/views/reviews/_reviews.html.erb:2
  Rendered reviews/_rating.html.erb (0.0ms)
  Rendered reviews/_reviews.html.erb (18.4ms)
  [1m[36mCroisiere Load (0.3ms)[0m  [1m[34mSELECT "croisieres".* FROM "croisieres" WHERE "croisieres"."croisiere_destination" = $1[0m  [["croisiere_destination", "Martinique"]]
  ↳ app/views/croisieres/show.html.erb:64
  Rendered shared/_slide_bateau.html.erb (8.3ms)
  Rendered reviews/_reviews_form.html.erb (28.0ms)
  Rendered shared/_cgv.html.erb (0.3ms)
  Rendered shared/_infos_martinique.html.erb (0.6ms)
  Rendered croisieres/show.html.erb within layouts/application (76.3ms)
  Rendered shared/_navbar.html.erb (2.4ms)
  Rendered shared/_footer.html.erb (1.0ms)
Completed 200 OK in 119ms (Views: 113.7ms | ActiveRecord: 1.6ms)


Started GET "/croisieres" for 127.0.0.1 at 2018-07-16 13:20:40 +0200
Processing by CroisieresController#index as HTML
  [1m[36mCroisiere Load (0.2ms)[0m  [1m[34mSELECT "croisieres".* FROM "croisieres"[0m
  ↳ app/controllers/application_controller.rb:4
  [1m[36mCACHE Croisiere Load (0.0ms)[0m  [1m[34mSELECT "croisieres".* FROM "croisieres"[0m
  ↳ app/controllers/croisieres_controller.rb:5
  Rendering croisieres/index.html.erb within layouts/application
  Rendered croisieres/index.html.erb within layouts/application (1.8ms)
  Rendered shared/_navbar.html.erb (1.8ms)
  Rendered shared/_footer.html.erb (1.8ms)
Completed 200 OK in 42ms (Views: 37.5ms | ActiveRecord: 0.2ms)


Started GET "/croisiere_kite" for 127.0.0.1 at 2018-07-16 13:20:41 +0200
Processing by StaticController#croisiere_kite as HTML
  [1m[36mCroisiere Load (0.3ms)[0m  [1m[34mSELECT "croisieres".* FROM "croisieres"[0m
  ↳ app/controllers/application_controller.rb:4
  Rendering static/croisiere_kite.html.erb within layouts/application
  Rendered static/croisiere_kite.html.erb within layouts/application (16.6ms)
Completed 500 Internal Server Error in 26ms (ActiveRecord: 0.3ms)


  
ActionView::Template::Error (The asset "kite4.png" is not present in the asset pipeline.):
    20:   <div class="container">
    21:     <div class="row center">
    22:       <div class="col-xs-12 col-md-6 text-right">
    23:       <%= image_tag 'kite4.png', width: "70%"%>
    24:       </div>
    25:       <div class="col-xs-12 col-md-6">
    26:       <p class="text-design">Laissez-vous guider par Priscillia sur les plus beaux spots de la Caraïbe et par Brice dans les plus belles criques désertes. Au programme spots de vagues, secrets spots et plus encore !</p>
  
app/views/static/croisiere_kite.html.erb:23:in `_app_views_static_croisiere_kite_html_erb___1442909607403222706_70217636426140'
Started GET "/croisieres" for 127.0.0.1 at 2018-07-16 13:21:18 +0200
Processing by CroisieresController#index as HTML
  [1m[36mCroisiere Load (0.6ms)[0m  [1m[34mSELECT "croisieres".* FROM "croisieres"[0m
  ↳ app/controllers/application_controller.rb:4
  [1m[36mCACHE Croisiere Load (0.0ms)[0m  [1m[34mSELECT "croisieres".* FROM "croisieres"[0m
  ↳ app/controllers/croisieres_controller.rb:5
  Rendering croisieres/index.html.erb within layouts/application
  Rendered croisieres/index.html.erb within layouts/application (1.5ms)
  Rendered shared/_navbar.html.erb (2.5ms)
  Rendered shared/_footer.html.erb (1.5ms)
Completed 200 OK in 40ms (Views: 36.0ms | ActiveRecord: 0.6ms)


Started GET "/croisieres" for 127.0.0.1 at 2018-07-16 13:21:19 +0200
Processing by CroisieresController#index as HTML
  [1m[36mCroisiere Load (0.3ms)[0m  [1m[34mSELECT "croisieres".* FROM "croisieres"[0m
  ↳ app/controllers/application_controller.rb:4
  [1m[36mCACHE Croisiere Load (0.0ms)[0m  [1m[34mSELECT "croisieres".* FROM "croisieres"[0m
  ↳ app/controllers/croisieres_controller.rb:5
  Rendering croisieres/index.html.erb within layouts/application
  Rendered croisieres/index.html.erb within layouts/application (1.7ms)
  Rendered shared/_navbar.html.erb (1.8ms)
  Rendered shared/_footer.html.erb (0.8ms)
Completed 200 OK in 36ms (Views: 32.9ms | ActiveRecord: 0.3ms)


Started GET "/croisiere_kite" for 127.0.0.1 at 2018-07-16 13:21:20 +0200
Processing by StaticController#croisiere_kite as HTML
  [1m[36mCroisiere Load (0.3ms)[0m  [1m[34mSELECT "croisieres".* FROM "croisieres"[0m
  ↳ app/controllers/application_controller.rb:4
  Rendering static/croisiere_kite.html.erb within layouts/application
  Rendered shared/_cgv-kite.html.erb (0.4ms)
  Rendered static/croisiere_kite.html.erb within layouts/application (16.3ms)
  Rendered shared/_navbar.html.erb (1.7ms)
  Rendered shared/_footer.html.erb (0.7ms)
Completed 200 OK in 50ms (Views: 47.5ms | ActiveRecord: 0.3ms)


Started GET "/about" for 127.0.0.1 at 2018-07-16 13:21:32 +0200
Processing by StaticController#about as HTML
  [1m[36mCroisiere Load (0.5ms)[0m  [1m[34mSELECT "croisieres".* FROM "croisieres"[0m
  ↳ app/controllers/application_controller.rb:4
  Rendering static/about.html.erb within layouts/application
  Rendered static/about.html.erb within layouts/application (4.9ms)
  Rendered shared/_navbar.html.erb (2.5ms)
  Rendered shared/_footer.html.erb (0.6ms)
Completed 200 OK in 42ms (Views: 37.6ms | ActiveRecord: 0.5ms)


Started GET "/bateau" for 127.0.0.1 at 2018-07-16 13:21:43 +0200
Processing by StaticController#bateau as HTML
  [1m[36mCroisiere Load (1.5ms)[0m  [1m[34mSELECT "croisieres".* FROM "croisieres"[0m
  ↳ app/controllers/application_controller.rb:4
  Rendering static/bateau.html.erb within layouts/application
  Rendered shared/_slide_bateau.html.erb (9.1ms)
  Rendered static/bateau.html.erb within layouts/application (20.2ms)
  Rendered shared/_navbar.html.erb (1.9ms)
  Rendered shared/_footer.html.erb (0.8ms)
Completed 200 OK in 54ms (Views: 51.6ms | ActiveRecord: 1.5ms)


Started GET "/info-secu" for 127.0.0.1 at 2018-07-16 13:21:55 +0200
Processing by StaticController#info-secu as HTML
  [1m[36mCroisiere Load (0.7ms)[0m  [1m[34mSELECT "croisieres".* FROM "croisieres"[0m
  ↳ app/controllers/application_controller.rb:4
  Rendering static/info-secu.html.erb within layouts/application
  Rendered shared/_infos_martinique.html.erb (1.1ms)
  Rendered shared/_infos_guadeloupe.html.erb (0.5ms)
  Rendered shared/_infos_st_martin.html.erb (0.4ms)
  Rendered static/info-secu.html.erb within layouts/application (10.4ms)
  Rendered shared/_navbar.html.erb (1.9ms)
  Rendered shared/_footer.html.erb (1.1ms)
Completed 200 OK in 44ms (Views: 39.9ms | ActiveRecord: 0.7ms)


Started GET "/blogs" for 127.0.0.1 at 2018-07-16 13:21:58 +0200
Processing by BlogsController#index as HTML
  [1m[36mCroisiere Load (0.3ms)[0m  [1m[34mSELECT "croisieres".* FROM "croisieres"[0m
  ↳ app/controllers/application_controller.rb:4
  [1m[36mBlog Load (7.2ms)[0m  [1m[34mSELECT "blogs".* FROM "blogs"[0m
  ↳ app/controllers/blogs_controller.rb:4
  Rendering blogs/index.html.erb within layouts/application
  Rendered blogs/index.html.erb within layouts/application (2.0ms)
  Rendered shared/_navbar.html.erb (2.1ms)
  Rendered shared/_footer.html.erb (0.8ms)
Completed 200 OK in 54ms (Views: 32.5ms | ActiveRecord: 10.5ms)


Started GET "/croisiere_kite" for 127.0.0.1 at 2018-07-16 13:27:51 +0200
Processing by StaticController#croisiere_kite as HTML
  [1m[36mCroisiere Load (0.8ms)[0m  [1m[34mSELECT "croisieres".* FROM "croisieres"[0m
  ↳ app/controllers/application_controller.rb:4
  Rendering static/croisiere_kite.html.erb within layouts/application
  Rendered shared/_cgv-kite.html.erb (0.4ms)
  Rendered static/croisiere_kite.html.erb within layouts/application (18.2ms)
  Rendered shared/_navbar.html.erb (3.8ms)
  Rendered shared/_footer.html.erb (1.8ms)
Completed 200 OK in 2936ms (Views: 2932.0ms | ActiveRecord: 0.8ms)


Started GET "/croisieres" for 127.0.0.1 at 2018-07-16 13:27:55 +0200
Processing by CroisieresController#index as HTML
  [1m[36mCroisiere Load (0.3ms)[0m  [1m[34mSELECT "croisieres".* FROM "croisieres"[0m
  ↳ app/controllers/application_controller.rb:4
  [1m[36mCACHE Croisiere Load (0.0ms)[0m  [1m[34mSELECT "croisieres".* FROM "croisieres"[0m
  ↳ app/controllers/croisieres_controller.rb:5
  Rendering croisieres/index.html.erb within layouts/application
  Rendered croisieres/index.html.erb within layouts/application (1.8ms)
  Rendered shared/_navbar.html.erb (3.2ms)
  Rendered shared/_footer.html.erb (1.6ms)
Completed 200 OK in 44ms (Views: 38.2ms | ActiveRecord: 0.3ms)


Started GET "/info-secu" for 127.0.0.1 at 2018-07-16 13:27:56 +0200
Processing by StaticController#info-secu as HTML
  [1m[36mCroisiere Load (0.3ms)[0m  [1m[34mSELECT "croisieres".* FROM "croisieres"[0m
  ↳ app/controllers/application_controller.rb:4
  Rendering static/info-secu.html.erb within layouts/application
  Rendered shared/_infos_martinique.html.erb (0.7ms)
  Rendered shared/_infos_guadeloupe.html.erb (0.6ms)
  Rendered shared/_infos_st_martin.html.erb (0.6ms)
  Rendered static/info-secu.html.erb within layouts/application (11.0ms)
  Rendered shared/_navbar.html.erb (2.0ms)
  Rendered shared/_footer.html.erb (0.8ms)
Completed 200 OK in 76ms (Views: 73.0ms | ActiveRecord: 0.3ms)


Started GET "/" for 127.0.0.1 at 2018-07-16 13:27:58 +0200
Processing by PagesController#home as HTML
  [1m[36mCroisiere Load (0.3ms)[0m  [1m[34mSELECT "croisieres".* FROM "croisieres"[0m
  ↳ app/controllers/application_controller.rb:4
  [1m[36mCACHE Croisiere Load (0.0ms)[0m  [1m[34mSELECT "croisieres".* FROM "croisieres"[0m
  ↳ app/controllers/pages_controller.rb:3
  Rendering pages/home.html.erb within layouts/application
  Rendered pages/home.html.erb within layouts/application (14.8ms)
  Rendered shared/_navbar.html.erb (2.8ms)
  Rendered shared/_footer.html.erb (1.2ms)
Completed 200 OK in 55ms (Views: 50.9ms | ActiveRecord: 0.3ms)


